\BOOKMARK [0][-]{part.1}{\376\377\173\054\116\000\220\350\122\006\000\040\155\361\136\246\122\006\147\220\142\245\124\112}{}% 1
\BOOKMARK [1][-]{section.1}{\376\377\121\154\123\370\151\202\211\310}{part.1}% 2
\BOOKMARK [1][-]{section.2}{\376\377\122\033\131\313\126\342\226\037\116\016\150\070\137\303\116\272\142\115}{part.1}% 3
\BOOKMARK [1][-]{section.3}{\376\377\207\215\215\104\123\206\172\013}{part.1}% 4
\BOOKMARK [1][-]{section.4}{\376\377\142\200\147\057\147\266\147\204\116\016\150\070\137\303\116\247\124\301}{part.1}% 5
\BOOKMARK [1][-]{section.5}{\376\377\124\010\117\134\165\037\140\001}{part.1}% 6
\BOOKMARK [1][-]{section.6}{\376\377\142\200\147\057\215\357\176\277\126\376\116\016\221\314\172\013\170\221}{part.1}% 7
\BOOKMARK [1][-]{section.7}{\376\377\172\336\116\211\122\006\147\220}{part.1}% 8
\BOOKMARK [2][-]{subsection.7.1}{\376\377\172\336\116\211\133\232\117\115}{section.7}% 9
\BOOKMARK [2][-]{subsection.7.2}{\376\377\000S\000W\000O\000T\122\006\147\220}{section.7}% 10
\BOOKMARK [2][-]{subsection.7.3}{\376\377\207\215\215\104\000-\116\247\124\301\000-\213\272\145\207\116\244\123\311\122\006\147\220}{section.7}% 11
\BOOKMARK [1][-]{section.8}{\376\377\150\070\137\303\176\323\213\272}{part.1}% 12
\BOOKMARK [1][-]{section.9}{\376\377\147\052\147\145\134\125\147\033}{part.1}% 13
\BOOKMARK [0][-]{part.2}{\376\377\173\054\116\214\220\350\122\006\000\040\226\104\116\366\377\032\213\346\176\306\145\160\143\156\156\005\123\125}{}% 14
\BOOKMARK [1][-]{section.10}{\376\377\127\372\147\054\117\341\140\157}{part.2}% 15
\BOOKMARK [1][-]{section.11}{\376\377\207\215\215\104\123\206\123\362}{part.2}% 16
\BOOKMARK [1][-]{section.12}{\376\377\116\247\124\301\176\277}{part.2}% 17
\BOOKMARK [1][-]{section.13}{\376\377\124\010\117\134\117\031\117\064}{part.2}% 18
\BOOKMARK [1][-]{section.14}{\376\377\142\200\147\057\221\314\172\013\170\221}{part.2}% 19
\BOOKMARK [1][-]{section.15}{\376\377\000S\000W\000O\000T\122\006\147\220}{part.2}% 20
\BOOKMARK [2][-]{subsection.15.1}{\376\377\117\030\122\277}{section.15}% 21
\BOOKMARK [2][-]{subsection.15.2}{\376\377\122\243\122\277}{section.15}% 22
\BOOKMARK [2][-]{subsection.15.3}{\376\377\147\072\117\032}{section.15}% 23
\BOOKMARK [2][-]{subsection.15.4}{\376\377\132\001\200\301}{section.15}% 24
\BOOKMARK [1][-]{section.16}{\376\377\126\342\226\037\213\346\140\305\377\010\0004\0001\116\272\377\011}{part.2}% 25
\BOOKMARK [2][-]{subsection.16.1}{\376\377\230\206\133\374\126\342\226\037\377\010\0001\0006\116\272\377\011}{section.16}% 26
\BOOKMARK [2][-]{subsection.16.2}{\376\377\170\024\123\321\126\342\226\037\377\010\0001\0009\116\272\377\011}{section.16}% 27
\BOOKMARK [2][-]{subsection.16.3}{\376\377\135\345\172\013\126\342\226\037\377\010\0003\116\272\377\011}{section.16}% 28
\BOOKMARK [2][-]{subsection.16.4}{\376\377\125\106\116\032\116\016\217\320\204\045\377\010\0003\116\272\377\011}{section.16}% 29
\BOOKMARK [1][-]{section.17}{\376\377\170\024\172\166\145\271\124\021\122\006\136\003}{part.2}% 30
\BOOKMARK [1][-]{section.18}{\376\377\147\037\122\012\122\006\136\003}{part.2}% 31
